<?xml version="1.0" encoding="UTF-8"?>
<!-- Generated by org.testng.reporters.JUnitXMLReporter -->
<testsuite hostname="Sandeepgupta01" ignored="0" name="Default test" tests="2" failures="0" timestamp="31 Oct 2019 13:27:41 GMT" time="4.469" errors="0">
  <testcase name="createListSuccess" time="2.726" classname="com.wunderlist.testCases.POST_Request"/>
  <testcase name="createListWithInvalidTitle" time="1.064" classname="com.wunderlist.testCases.POST_Request"/>
</testsuite> <!-- Default test -->
