<?xml version="1.0" encoding="UTF-8"?>
<!-- Generated by org.testng.reporters.JUnitXMLReporter -->
<testsuite hostname="Sandeepgupta01" ignored="0" name="Default test" tests="2" failures="0" timestamp="01 Nov 2019 13:45:43 GMT" time="8.079" errors="0">
  <testcase name="deleteListWithRevison" time="5.333" classname="com.wunderlist.testCases.WunderList_DELETE_Request"/>
  <testcase name="deleteListWithInvalidRevison" time="2.061" classname="com.wunderlist.testCases.WunderList_DELETE_Request"/>
</testsuite> <!-- Default test -->
