<?xml version="1.0" encoding="UTF-8"?>
<!-- Generated by org.testng.reporters.JUnitXMLReporter -->
<testsuite hostname="Sandeepgupta01" ignored="8" name="Test" tests="10" failures="0" timestamp="01 Nov 2019 13:46:18 GMT" time="24.922" errors="0">
  <testcase name="verifyGETRequest" time="3.077" classname="com.wunderlist.testCases.WunderList_GET_Request"/>
  <testcase name="verifyGETRequestByID" time="1.288" classname="com.wunderlist.testCases.WunderList_GET_Request"/>
  <testcase name="createListSuccess" time="2.645" classname="com.wunderlist.testCases.WunderList_POST_Request"/>
  <testcase name="createListWithInvalidTitle" time="1.644" classname="com.wunderlist.testCases.WunderList_POST_Request"/>
  <testcase name="patchListWithInvalidRevision" time="1.382" classname="com.wunderlist.testCases.WunderList_Patch_Request"/>
  <testcase name="patchListWithRevison" time="3.317" classname="com.wunderlist.testCases.WunderList_Patch_Request"/>
  <testcase name="putListWithInvalidRevision" time="1.391" classname="com.wunderlist.testCases.Wunderlist_PUT_Request"/>
  <testcase name="putListWithRevison" time="3.525" classname="com.wunderlist.testCases.Wunderlist_PUT_Request"/>
  <testcase name="deleteListWithRevison" time="3.469" classname="com.wunderlist.testCases.WunderList_DELETE_Request"/>
  <testcase name="deleteListWithInvalidRevison" time="2.454" classname="com.wunderlist.testCases.WunderList_DELETE_Request"/>
  <testcase name="@BeforeSuite reportSetup" time="0.0" classname="com.wunderlist.base.testBase">
    <ignored/>
  </testcase> <!-- @BeforeSuite reportSetup -->
  <testcase name="@BeforeSuite reportSetup" time="0.0" classname="com.wunderlist.base.testBase">
    <ignored/>
  </testcase> <!-- @BeforeSuite reportSetup -->
  <testcase name="@BeforeSuite reportSetup" time="0.0" classname="com.wunderlist.base.testBase">
    <ignored/>
  </testcase> <!-- @BeforeSuite reportSetup -->
  <testcase name="@BeforeSuite reportSetup" time="0.0" classname="com.wunderlist.base.testBase">
    <ignored/>
  </testcase> <!-- @BeforeSuite reportSetup -->
  <testcase name="@AfterSuite reportTeardown" time="0.0" classname="com.wunderlist.base.testBase">
    <ignored/>
  </testcase> <!-- @AfterSuite reportTeardown -->
  <testcase name="@AfterSuite reportTeardown" time="0.0" classname="com.wunderlist.base.testBase">
    <ignored/>
  </testcase> <!-- @AfterSuite reportTeardown -->
  <testcase name="@AfterSuite reportTeardown" time="0.0" classname="com.wunderlist.base.testBase">
    <ignored/>
  </testcase> <!-- @AfterSuite reportTeardown -->
  <testcase name="@AfterSuite reportTeardown" time="0.0" classname="com.wunderlist.base.testBase">
    <ignored/>
  </testcase> <!-- @AfterSuite reportTeardown -->
</testsuite> <!-- Test -->
